
[W NNPACK.cpp:51] Could not initialize NNPACK! Reason: Unsupported hardware.
Initializing and Normalizing Rewards...
Reward Normalization 0: -122.02297297594724
Reward Normalization 0: -104.88376634385851
  0%|                                                                                                        | 0/666666 [00:00<?, ?it/s]
TypeError: float() argument must be a string or a number, not 'list'
The above exception was the direct cause of the following exception:
Traceback (most recent call last):
  File "/usr/lib/python3.9/runpy.py", line 197, in _run_module_as_main
    return _run_code(code, main_globals, None,
  File "/usr/lib/python3.9/runpy.py", line 87, in _run_code
    exec(code, run_globals)
  File "/home/lechapelier/Documents/Stage M2/Internship-Ethical-MORL/moral_rl/moral/moral_train.py", line 215, in <module>
    scalarized_rewards = [np.dot(w_posterior_mean, r[0:3]) for r in vectorized_rewards]
  File "/home/lechapelier/Documents/Stage M2/Internship-Ethical-MORL/moral_rl/moral/moral_train.py", line 215, in <listcomp>
    scalarized_rewards = [np.dot(w_posterior_mean, r[0:3]) for r in vectorized_rewards]
  File "<__array_function__ internals>", line 5, in dot
ValueError: setting an array element with a sequence.